2016-09-26 11:26:14,447 [Worker-18] INFO  o.e.m.c.i.l.LifecycleMappingFactory - Using org.eclipse.m2e.jdt.JarLifecycleMapping lifecycle mapping for MavenProject: Hibernate-Project:Hibernate-Project:0.0.1-SNAPSHOT @ E:\Coaching\Hibernate-Mindtree02\Hibernate-Project\pom.xml.
2016-09-26 11:26:17,746 [Worker-17] WARN  o.e.m.c.i.embedder.EclipseLogger - Using platform encoding (Cp1252 actually) to copy filtered resources, i.e. build is platform dependent!
2016-09-26 11:26:17,763 [Worker-17] INFO  o.e.m.c.i.embedder.EclipseLogger - skip non existing resourceDirectory E:\Coaching\Hibernate-Mindtree02\Hibernate-Project\src\main\resources
2016-09-26 11:26:17,769 [Worker-17] WARN  o.e.m.c.i.embedder.EclipseLogger - Using platform encoding (Cp1252 actually) to copy filtered resources, i.e. build is platform dependent!
2016-09-26 11:26:17,770 [Worker-17] INFO  o.e.m.c.i.embedder.EclipseLogger - skip non existing resourceDirectory E:\Coaching\Hibernate-Mindtree02\Hibernate-Project\src\test\resources
2016-09-26 11:26:17,802 [Worker-18] INFO  o.e.m.j.i.AbstractJavaProjectConfigurator - Adding source folder /Hibernate-Project/src
2016-09-26 11:26:17,804 [Worker-18] INFO  o.e.m.j.i.AbstractJavaProjectConfigurator - Not adding source folder /Hibernate-Project/src/test/java because it overlaps with /Hibernate-Project/src
2016-09-26 11:26:18,078 [Worker-18] INFO  o.e.m.c.i.p.ProjectConfigurationManager - Update started
2016-09-26 11:26:19,734 [Worker-18] INFO  o.e.m.c.i.l.LifecycleMappingFactory - Using org.eclipse.m2e.jdt.JarLifecycleMapping lifecycle mapping for MavenProject: Hibernate-Project:Hibernate-Project:0.0.1-SNAPSHOT @ E:\Coaching\Hibernate-Mindtree02\Hibernate-Project\pom.xml.
2016-09-26 11:26:20,610 [Worker-19] WARN  o.e.m.c.i.embedder.EclipseLogger - Using platform encoding (Cp1252 actually) to copy filtered resources, i.e. build is platform dependent!
2016-09-26 11:26:20,614 [Worker-19] INFO  o.e.m.c.i.embedder.EclipseLogger - skip non existing resourceDirectory E:\Coaching\Hibernate-Mindtree02\Hibernate-Project\src\main\resources
2016-09-26 11:26:20,618 [Worker-19] WARN  o.e.m.c.i.embedder.EclipseLogger - Using platform encoding (Cp1252 actually) to copy filtered resources, i.e. build is platform dependent!
2016-09-26 11:26:20,619 [Worker-19] INFO  o.e.m.c.i.embedder.EclipseLogger - skip non existing resourceDirectory E:\Coaching\Hibernate-Mindtree02\Hibernate-Project\src\test\resources
2016-09-26 11:26:21,296 [Worker-18] INFO  o.e.m.j.i.AbstractJavaProjectConfigurator - Adding source folder /Hibernate-Project/src
2016-09-26 11:26:21,297 [Worker-18] INFO  o.e.m.j.i.AbstractJavaProjectConfigurator - Not adding source folder /Hibernate-Project/src/test/java because it overlaps with /Hibernate-Project/src
2016-09-26 11:26:21,416 [Worker-18] INFO  o.e.m.c.i.p.ProjectConfigurationManager - Update completed: 3 sec
2016-09-26 11:26:22,369 [Worker-22] WARN  o.e.m.c.i.embedder.EclipseLogger - Using platform encoding (Cp1252 actually) to copy filtered resources, i.e. build is platform dependent!
2016-09-26 11:26:22,372 [Worker-22] INFO  o.e.m.c.i.embedder.EclipseLogger - skip non existing resourceDirectory E:\Coaching\Hibernate-Mindtree02\Hibernate-Project\src\main\resources
2016-09-26 11:26:22,378 [Worker-22] WARN  o.e.m.c.i.embedder.EclipseLogger - Using platform encoding (Cp1252 actually) to copy filtered resources, i.e. build is platform dependent!
2016-09-26 11:26:22,381 [Worker-22] INFO  o.e.m.c.i.embedder.EclipseLogger - skip non existing resourceDirectory E:\Coaching\Hibernate-Mindtree02\Hibernate-Project\src\test\resources
2016-09-26 11:27:01,724 [Worker-17] INFO  o.e.m.c.i.l.LifecycleMappingFactory - Using org.eclipse.m2e.jdt.JarLifecycleMapping lifecycle mapping for MavenProject: Hibernate-Project:Hibernate-Project:0.0.1-SNAPSHOT @ E:\Coaching\Hibernate-Mindtree02\Hibernate-Project\pom.xml.
2016-09-26 11:27:02,785 [Worker-17] WARN  o.e.m.c.i.embedder.EclipseLogger - Using platform encoding (Cp1252 actually) to copy filtered resources, i.e. build is platform dependent!
2016-09-26 11:27:02,787 [Worker-17] INFO  o.e.m.c.i.embedder.EclipseLogger - skip non existing resourceDirectory E:\Coaching\Hibernate-Mindtree02\Hibernate-Project\src\main\resources
2016-09-26 11:27:02,791 [Worker-17] WARN  o.e.m.c.i.embedder.EclipseLogger - Using platform encoding (Cp1252 actually) to copy filtered resources, i.e. build is platform dependent!
2016-09-26 11:27:02,792 [Worker-17] INFO  o.e.m.c.i.embedder.EclipseLogger - skip non existing resourceDirectory E:\Coaching\Hibernate-Mindtree02\Hibernate-Project\src\test\resources
2016-09-26 11:27:06,517 [Worker-17] WARN  o.e.m.c.i.embedder.EclipseLogger - Using platform encoding (Cp1252 actually) to copy filtered resources, i.e. build is platform dependent!
2016-09-26 11:27:06,522 [Worker-17] INFO  o.e.m.c.i.embedder.EclipseLogger - skip non existing resourceDirectory E:\Coaching\Hibernate-Mindtree02\Hibernate-Project\src\main\resources
2016-09-26 11:27:06,530 [Worker-17] WARN  o.e.m.c.i.embedder.EclipseLogger - Using platform encoding (Cp1252 actually) to copy filtered resources, i.e. build is platform dependent!
2016-09-26 11:27:06,533 [Worker-17] INFO  o.e.m.c.i.embedder.EclipseLogger - skip non existing resourceDirectory E:\Coaching\Hibernate-Mindtree02\Hibernate-Project\src\test\resources
2016-09-26 11:27:36,629 [Worker-22] WARN  o.e.m.c.i.embedder.EclipseLogger - Using platform encoding (Cp1252 actually) to copy filtered resources, i.e. build is platform dependent!
2016-09-26 11:27:36,632 [Worker-22] INFO  o.e.m.c.i.embedder.EclipseLogger - skip non existing resourceDirectory E:\Coaching\Hibernate-Mindtree02\Hibernate-Project\src\main\resources
2016-09-26 11:27:36,636 [Worker-22] WARN  o.e.m.c.i.embedder.EclipseLogger - Using platform encoding (Cp1252 actually) to copy filtered resources, i.e. build is platform dependent!
2016-09-26 11:27:36,638 [Worker-22] INFO  o.e.m.c.i.embedder.EclipseLogger - skip non existing resourceDirectory E:\Coaching\Hibernate-Mindtree02\Hibernate-Project\src\test\resources
2016-09-26 11:27:50,529 [Worker-24] WARN  o.e.m.c.i.embedder.EclipseLogger - Using platform encoding (Cp1252 actually) to copy filtered resources, i.e. build is platform dependent!
2016-09-26 11:27:50,531 [Worker-24] INFO  o.e.m.c.i.embedder.EclipseLogger - skip non existing resourceDirectory E:\Coaching\Hibernate-Mindtree02\Hibernate-Project\src\main\resources
2016-09-26 11:27:50,537 [Worker-24] WARN  o.e.m.c.i.embedder.EclipseLogger - Using platform encoding (Cp1252 actually) to copy filtered resources, i.e. build is platform dependent!
2016-09-26 11:27:50,543 [Worker-24] INFO  o.e.m.c.i.embedder.EclipseLogger - skip non existing resourceDirectory E:\Coaching\Hibernate-Mindtree02\Hibernate-Project\src\test\resources
2016-09-26 11:44:13,974 [Worker-25] WARN  o.e.m.c.i.embedder.EclipseLogger - Using platform encoding (Cp1252 actually) to copy filtered resources, i.e. build is platform dependent!
2016-09-26 11:44:13,978 [Worker-25] INFO  o.e.m.c.i.embedder.EclipseLogger - skip non existing resourceDirectory E:\Coaching\Hibernate-Mindtree02\Hibernate-Project\src\main\resources
2016-09-26 11:44:13,984 [Worker-25] WARN  o.e.m.c.i.embedder.EclipseLogger - Using platform encoding (Cp1252 actually) to copy filtered resources, i.e. build is platform dependent!
2016-09-26 11:44:13,988 [Worker-25] INFO  o.e.m.c.i.embedder.EclipseLogger - skip non existing resourceDirectory E:\Coaching\Hibernate-Mindtree02\Hibernate-Project\src\test\resources
2016-09-26 11:44:31,585 [Worker-22] WARN  o.e.m.c.i.embedder.EclipseLogger - Using platform encoding (Cp1252 actually) to copy filtered resources, i.e. build is platform dependent!
2016-09-26 11:44:31,587 [Worker-22] INFO  o.e.m.c.i.embedder.EclipseLogger - skip non existing resourceDirectory E:\Coaching\Hibernate-Mindtree02\Hibernate-Project\src\main\resources
2016-09-26 11:44:31,591 [Worker-22] WARN  o.e.m.c.i.embedder.EclipseLogger - Using platform encoding (Cp1252 actually) to copy filtered resources, i.e. build is platform dependent!
2016-09-26 11:44:31,594 [Worker-22] INFO  o.e.m.c.i.embedder.EclipseLogger - skip non existing resourceDirectory E:\Coaching\Hibernate-Mindtree02\Hibernate-Project\src\test\resources
2016-09-26 11:45:35,121 [Worker-18] WARN  o.e.m.c.i.embedder.EclipseLogger - Using platform encoding (Cp1252 actually) to copy filtered resources, i.e. build is platform dependent!
2016-09-26 11:45:35,126 [Worker-18] INFO  o.e.m.c.i.embedder.EclipseLogger - skip non existing resourceDirectory E:\Coaching\Hibernate-Mindtree02\Hibernate-Project\src\main\resources
2016-09-26 11:45:35,146 [Worker-18] WARN  o.e.m.c.i.embedder.EclipseLogger - Using platform encoding (Cp1252 actually) to copy filtered resources, i.e. build is platform dependent!
2016-09-26 11:45:35,149 [Worker-18] INFO  o.e.m.c.i.embedder.EclipseLogger - skip non existing resourceDirectory E:\Coaching\Hibernate-Mindtree02\Hibernate-Project\src\test\resources
2016-09-26 11:46:03,359 [Worker-18] WARN  o.e.m.c.i.embedder.EclipseLogger - Using platform encoding (Cp1252 actually) to copy filtered resources, i.e. build is platform dependent!
2016-09-26 11:46:03,361 [Worker-18] INFO  o.e.m.c.i.embedder.EclipseLogger - skip non existing resourceDirectory E:\Coaching\Hibernate-Mindtree02\Hibernate-Project\src\main\resources
2016-09-26 11:46:03,365 [Worker-18] WARN  o.e.m.c.i.embedder.EclipseLogger - Using platform encoding (Cp1252 actually) to copy filtered resources, i.e. build is platform dependent!
2016-09-26 11:46:03,367 [Worker-18] INFO  o.e.m.c.i.embedder.EclipseLogger - skip non existing resourceDirectory E:\Coaching\Hibernate-Mindtree02\Hibernate-Project\src\test\resources
2016-09-26 11:51:54,368 [Worker-31] WARN  o.e.m.c.i.embedder.EclipseLogger - Using platform encoding (Cp1252 actually) to copy filtered resources, i.e. build is platform dependent!
2016-09-26 11:51:54,370 [Worker-31] INFO  o.e.m.c.i.embedder.EclipseLogger - skip non existing resourceDirectory E:\Coaching\Hibernate-Mindtree02\Hibernate-Project\src\main\resources
2016-09-26 11:51:54,373 [Worker-31] WARN  o.e.m.c.i.embedder.EclipseLogger - Using platform encoding (Cp1252 actually) to copy filtered resources, i.e. build is platform dependent!
2016-09-26 11:51:54,375 [Worker-31] INFO  o.e.m.c.i.embedder.EclipseLogger - skip non existing resourceDirectory E:\Coaching\Hibernate-Mindtree02\Hibernate-Project\src\test\resources
2016-09-26 11:52:53,335 [Worker-27] WARN  o.e.m.c.i.embedder.EclipseLogger - Using platform encoding (Cp1252 actually) to copy filtered resources, i.e. build is platform dependent!
2016-09-26 11:52:53,337 [Worker-27] INFO  o.e.m.c.i.embedder.EclipseLogger - skip non existing resourceDirectory E:\Coaching\Hibernate-Mindtree02\Hibernate-Project\src\main\resources
2016-09-26 11:52:53,341 [Worker-27] WARN  o.e.m.c.i.embedder.EclipseLogger - Using platform encoding (Cp1252 actually) to copy filtered resources, i.e. build is platform dependent!
2016-09-26 11:52:53,343 [Worker-27] INFO  o.e.m.c.i.embedder.EclipseLogger - skip non existing resourceDirectory E:\Coaching\Hibernate-Mindtree02\Hibernate-Project\src\test\resources
2016-09-26 11:53:09,288 [Worker-31] WARN  o.e.m.c.i.embedder.EclipseLogger - Using platform encoding (Cp1252 actually) to copy filtered resources, i.e. build is platform dependent!
2016-09-26 11:53:09,291 [Worker-31] INFO  o.e.m.c.i.embedder.EclipseLogger - skip non existing resourceDirectory E:\Coaching\Hibernate-Mindtree02\Hibernate-Project\src\main\resources
2016-09-26 11:53:09,295 [Worker-31] WARN  o.e.m.c.i.embedder.EclipseLogger - Using platform encoding (Cp1252 actually) to copy filtered resources, i.e. build is platform dependent!
2016-09-26 11:53:09,298 [Worker-31] INFO  o.e.m.c.i.embedder.EclipseLogger - skip non existing resourceDirectory E:\Coaching\Hibernate-Mindtree02\Hibernate-Project\src\test\resources
2016-09-26 11:55:38,329 [Worker-18] WARN  o.e.m.c.i.embedder.EclipseLogger - Using platform encoding (Cp1252 actually) to copy filtered resources, i.e. build is platform dependent!
2016-09-26 11:55:38,332 [Worker-18] INFO  o.e.m.c.i.embedder.EclipseLogger - skip non existing resourceDirectory E:\Coaching\Hibernate-Mindtree02\Hibernate-Project\src\main\resources
2016-09-26 11:55:38,339 [Worker-18] WARN  o.e.m.c.i.embedder.EclipseLogger - Using platform encoding (Cp1252 actually) to copy filtered resources, i.e. build is platform dependent!
2016-09-26 11:55:38,341 [Worker-18] INFO  o.e.m.c.i.embedder.EclipseLogger - skip non existing resourceDirectory E:\Coaching\Hibernate-Mindtree02\Hibernate-Project\src\test\resources
2016-09-26 12:01:48,788 [Worker-32] WARN  o.e.m.c.i.embedder.EclipseLogger - Using platform encoding (Cp1252 actually) to copy filtered resources, i.e. build is platform dependent!
2016-09-26 12:01:48,791 [Worker-32] INFO  o.e.m.c.i.embedder.EclipseLogger - skip non existing resourceDirectory E:\Coaching\Hibernate-Mindtree02\Hibernate-Project\src\main\resources
2016-09-26 12:01:48,795 [Worker-32] WARN  o.e.m.c.i.embedder.EclipseLogger - Using platform encoding (Cp1252 actually) to copy filtered resources, i.e. build is platform dependent!
2016-09-26 12:01:48,796 [Worker-32] INFO  o.e.m.c.i.embedder.EclipseLogger - skip non existing resourceDirectory E:\Coaching\Hibernate-Mindtree02\Hibernate-Project\src\test\resources
2016-09-26 12:02:30,382 [Worker-28] WARN  o.e.m.c.i.embedder.EclipseLogger - Using platform encoding (Cp1252 actually) to copy filtered resources, i.e. build is platform dependent!
2016-09-26 12:02:30,384 [Worker-28] INFO  o.e.m.c.i.embedder.EclipseLogger - skip non existing resourceDirectory E:\Coaching\Hibernate-Mindtree02\Hibernate-Project\src\main\resources
2016-09-26 12:02:30,389 [Worker-28] WARN  o.e.m.c.i.embedder.EclipseLogger - Using platform encoding (Cp1252 actually) to copy filtered resources, i.e. build is platform dependent!
2016-09-26 12:02:30,392 [Worker-28] INFO  o.e.m.c.i.embedder.EclipseLogger - skip non existing resourceDirectory E:\Coaching\Hibernate-Mindtree02\Hibernate-Project\src\test\resources
2016-09-26 12:02:57,853 [Worker-25] WARN  o.e.m.c.i.embedder.EclipseLogger - Using platform encoding (Cp1252 actually) to copy filtered resources, i.e. build is platform dependent!
2016-09-26 12:02:57,856 [Worker-25] INFO  o.e.m.c.i.embedder.EclipseLogger - skip non existing resourceDirectory E:\Coaching\Hibernate-Mindtree02\Hibernate-Project\src\main\resources
2016-09-26 12:02:57,863 [Worker-25] WARN  o.e.m.c.i.embedder.EclipseLogger - Using platform encoding (Cp1252 actually) to copy filtered resources, i.e. build is platform dependent!
2016-09-26 12:02:57,866 [Worker-25] INFO  o.e.m.c.i.embedder.EclipseLogger - skip non existing resourceDirectory E:\Coaching\Hibernate-Mindtree02\Hibernate-Project\src\test\resources
2016-09-26 12:03:03,981 [Worker-32] WARN  o.e.m.c.i.embedder.EclipseLogger - Using platform encoding (Cp1252 actually) to copy filtered resources, i.e. build is platform dependent!
2016-09-26 12:03:03,983 [Worker-32] INFO  o.e.m.c.i.embedder.EclipseLogger - skip non existing resourceDirectory E:\Coaching\Hibernate-Mindtree02\Hibernate-Project\src\main\resources
2016-09-26 12:03:03,989 [Worker-32] WARN  o.e.m.c.i.embedder.EclipseLogger - Using platform encoding (Cp1252 actually) to copy filtered resources, i.e. build is platform dependent!
2016-09-26 12:03:03,992 [Worker-32] INFO  o.e.m.c.i.embedder.EclipseLogger - skip non existing resourceDirectory E:\Coaching\Hibernate-Mindtree02\Hibernate-Project\src\test\resources
2016-09-26 12:09:10,432 [Worker-33] WARN  o.e.m.c.i.embedder.EclipseLogger - Using platform encoding (Cp1252 actually) to copy filtered resources, i.e. build is platform dependent!
2016-09-26 12:09:10,435 [Worker-33] INFO  o.e.m.c.i.embedder.EclipseLogger - skip non existing resourceDirectory E:\Coaching\Hibernate-Mindtree02\Hibernate-Project\src\main\resources
2016-09-26 12:09:10,439 [Worker-33] WARN  o.e.m.c.i.embedder.EclipseLogger - Using platform encoding (Cp1252 actually) to copy filtered resources, i.e. build is platform dependent!
2016-09-26 12:09:10,442 [Worker-33] INFO  o.e.m.c.i.embedder.EclipseLogger - skip non existing resourceDirectory E:\Coaching\Hibernate-Mindtree02\Hibernate-Project\src\test\resources
2016-09-26 12:09:56,491 [Worker-18] WARN  o.e.m.c.i.embedder.EclipseLogger - Using platform encoding (Cp1252 actually) to copy filtered resources, i.e. build is platform dependent!
2016-09-26 12:09:56,494 [Worker-18] INFO  o.e.m.c.i.embedder.EclipseLogger - skip non existing resourceDirectory E:\Coaching\Hibernate-Mindtree02\Hibernate-Project\src\main\resources
2016-09-26 12:09:56,499 [Worker-18] WARN  o.e.m.c.i.embedder.EclipseLogger - Using platform encoding (Cp1252 actually) to copy filtered resources, i.e. build is platform dependent!
2016-09-26 12:09:56,502 [Worker-18] INFO  o.e.m.c.i.embedder.EclipseLogger - skip non existing resourceDirectory E:\Coaching\Hibernate-Mindtree02\Hibernate-Project\src\test\resources
2016-09-26 12:10:26,696 [Worker-28] WARN  o.e.m.c.i.embedder.EclipseLogger - Using platform encoding (Cp1252 actually) to copy filtered resources, i.e. build is platform dependent!
2016-09-26 12:10:26,698 [Worker-28] INFO  o.e.m.c.i.embedder.EclipseLogger - skip non existing resourceDirectory E:\Coaching\Hibernate-Mindtree02\Hibernate-Project\src\main\resources
2016-09-26 12:10:26,702 [Worker-28] WARN  o.e.m.c.i.embedder.EclipseLogger - Using platform encoding (Cp1252 actually) to copy filtered resources, i.e. build is platform dependent!
2016-09-26 12:10:26,704 [Worker-28] INFO  o.e.m.c.i.embedder.EclipseLogger - skip non existing resourceDirectory E:\Coaching\Hibernate-Mindtree02\Hibernate-Project\src\test\resources
2016-09-26 12:11:09,008 [Worker-28] WARN  o.e.m.c.i.embedder.EclipseLogger - Using platform encoding (Cp1252 actually) to copy filtered resources, i.e. build is platform dependent!
2016-09-26 12:11:09,011 [Worker-28] INFO  o.e.m.c.i.embedder.EclipseLogger - skip non existing resourceDirectory E:\Coaching\Hibernate-Mindtree02\Hibernate-Project\src\main\resources
2016-09-26 12:11:09,018 [Worker-28] WARN  o.e.m.c.i.embedder.EclipseLogger - Using platform encoding (Cp1252 actually) to copy filtered resources, i.e. build is platform dependent!
2016-09-26 12:11:09,021 [Worker-28] INFO  o.e.m.c.i.embedder.EclipseLogger - skip non existing resourceDirectory E:\Coaching\Hibernate-Mindtree02\Hibernate-Project\src\test\resources
2016-09-26 12:12:32,894 [Worker-36] WARN  o.e.m.c.i.embedder.EclipseLogger - Using platform encoding (Cp1252 actually) to copy filtered resources, i.e. build is platform dependent!
2016-09-26 12:12:32,897 [Worker-36] INFO  o.e.m.c.i.embedder.EclipseLogger - skip non existing resourceDirectory E:\Coaching\Hibernate-Mindtree02\Hibernate-Project\src\main\resources
2016-09-26 12:12:32,903 [Worker-36] WARN  o.e.m.c.i.embedder.EclipseLogger - Using platform encoding (Cp1252 actually) to copy filtered resources, i.e. build is platform dependent!
2016-09-26 12:12:32,905 [Worker-36] INFO  o.e.m.c.i.embedder.EclipseLogger - skip non existing resourceDirectory E:\Coaching\Hibernate-Mindtree02\Hibernate-Project\src\test\resources
2016-09-26 12:12:42,140 [Worker-32] WARN  o.e.m.c.i.embedder.EclipseLogger - Using platform encoding (Cp1252 actually) to copy filtered resources, i.e. build is platform dependent!
2016-09-26 12:12:42,144 [Worker-32] INFO  o.e.m.c.i.embedder.EclipseLogger - skip non existing resourceDirectory E:\Coaching\Hibernate-Mindtree02\Hibernate-Project\src\main\resources
2016-09-26 12:12:42,149 [Worker-32] WARN  o.e.m.c.i.embedder.EclipseLogger - Using platform encoding (Cp1252 actually) to copy filtered resources, i.e. build is platform dependent!
2016-09-26 12:12:42,152 [Worker-32] INFO  o.e.m.c.i.embedder.EclipseLogger - skip non existing resourceDirectory E:\Coaching\Hibernate-Mindtree02\Hibernate-Project\src\test\resources
2016-09-26 12:13:56,322 [Worker-36] WARN  o.e.m.c.i.embedder.EclipseLogger - Using platform encoding (Cp1252 actually) to copy filtered resources, i.e. build is platform dependent!
2016-09-26 12:13:56,324 [Worker-36] INFO  o.e.m.c.i.embedder.EclipseLogger - skip non existing resourceDirectory E:\Coaching\Hibernate-Mindtree02\Hibernate-Project\src\main\resources
2016-09-26 12:13:56,328 [Worker-36] WARN  o.e.m.c.i.embedder.EclipseLogger - Using platform encoding (Cp1252 actually) to copy filtered resources, i.e. build is platform dependent!
2016-09-26 12:13:56,330 [Worker-36] INFO  o.e.m.c.i.embedder.EclipseLogger - skip non existing resourceDirectory E:\Coaching\Hibernate-Mindtree02\Hibernate-Project\src\test\resources
2016-09-26 12:14:18,864 [Worker-36] WARN  o.e.m.c.i.embedder.EclipseLogger - Using platform encoding (Cp1252 actually) to copy filtered resources, i.e. build is platform dependent!
2016-09-26 12:14:18,866 [Worker-36] INFO  o.e.m.c.i.embedder.EclipseLogger - skip non existing resourceDirectory E:\Coaching\Hibernate-Mindtree02\Hibernate-Project\src\main\resources
2016-09-26 12:14:18,871 [Worker-36] WARN  o.e.m.c.i.embedder.EclipseLogger - Using platform encoding (Cp1252 actually) to copy filtered resources, i.e. build is platform dependent!
2016-09-26 12:14:18,873 [Worker-36] INFO  o.e.m.c.i.embedder.EclipseLogger - skip non existing resourceDirectory E:\Coaching\Hibernate-Mindtree02\Hibernate-Project\src\test\resources
2016-09-26 12:14:25,745 [Worker-35] WARN  o.e.m.c.i.embedder.EclipseLogger - Using platform encoding (Cp1252 actually) to copy filtered resources, i.e. build is platform dependent!
2016-09-26 12:14:25,747 [Worker-35] INFO  o.e.m.c.i.embedder.EclipseLogger - skip non existing resourceDirectory E:\Coaching\Hibernate-Mindtree02\Hibernate-Project\src\main\resources
2016-09-26 12:14:25,752 [Worker-35] WARN  o.e.m.c.i.embedder.EclipseLogger - Using platform encoding (Cp1252 actually) to copy filtered resources, i.e. build is platform dependent!
2016-09-26 12:14:25,754 [Worker-35] INFO  o.e.m.c.i.embedder.EclipseLogger - skip non existing resourceDirectory E:\Coaching\Hibernate-Mindtree02\Hibernate-Project\src\test\resources
2016-09-26 12:14:35,861 [Worker-18] WARN  o.e.m.c.i.embedder.EclipseLogger - Using platform encoding (Cp1252 actually) to copy filtered resources, i.e. build is platform dependent!
2016-09-26 12:14:35,863 [Worker-18] INFO  o.e.m.c.i.embedder.EclipseLogger - skip non existing resourceDirectory E:\Coaching\Hibernate-Mindtree02\Hibernate-Project\src\main\resources
2016-09-26 12:14:35,866 [Worker-18] WARN  o.e.m.c.i.embedder.EclipseLogger - Using platform encoding (Cp1252 actually) to copy filtered resources, i.e. build is platform dependent!
2016-09-26 12:14:35,868 [Worker-18] INFO  o.e.m.c.i.embedder.EclipseLogger - skip non existing resourceDirectory E:\Coaching\Hibernate-Mindtree02\Hibernate-Project\src\test\resources
2016-09-26 12:18:25,489 [Worker-34] WARN  o.e.m.c.i.embedder.EclipseLogger - Using platform encoding (Cp1252 actually) to copy filtered resources, i.e. build is platform dependent!
2016-09-26 12:18:25,492 [Worker-34] INFO  o.e.m.c.i.embedder.EclipseLogger - skip non existing resourceDirectory E:\Coaching\Hibernate-Mindtree02\Hibernate-Project\src\main\resources
2016-09-26 12:18:25,497 [Worker-34] WARN  o.e.m.c.i.embedder.EclipseLogger - Using platform encoding (Cp1252 actually) to copy filtered resources, i.e. build is platform dependent!
2016-09-26 12:18:25,499 [Worker-34] INFO  o.e.m.c.i.embedder.EclipseLogger - skip non existing resourceDirectory E:\Coaching\Hibernate-Mindtree02\Hibernate-Project\src\test\resources
2016-09-26 12:18:50,504 [Worker-34] WARN  o.e.m.c.i.embedder.EclipseLogger - Using platform encoding (Cp1252 actually) to copy filtered resources, i.e. build is platform dependent!
2016-09-26 12:18:50,506 [Worker-34] INFO  o.e.m.c.i.embedder.EclipseLogger - skip non existing resourceDirectory E:\Coaching\Hibernate-Mindtree02\Hibernate-Project\src\main\resources
2016-09-26 12:18:50,511 [Worker-34] WARN  o.e.m.c.i.embedder.EclipseLogger - Using platform encoding (Cp1252 actually) to copy filtered resources, i.e. build is platform dependent!
2016-09-26 12:18:50,515 [Worker-34] INFO  o.e.m.c.i.embedder.EclipseLogger - skip non existing resourceDirectory E:\Coaching\Hibernate-Mindtree02\Hibernate-Project\src\test\resources
2016-09-26 12:20:13,285 [Worker-35] WARN  o.e.m.c.i.embedder.EclipseLogger - Using platform encoding (Cp1252 actually) to copy filtered resources, i.e. build is platform dependent!
2016-09-26 12:20:13,287 [Worker-35] INFO  o.e.m.c.i.embedder.EclipseLogger - skip non existing resourceDirectory E:\Coaching\Hibernate-Mindtree02\Hibernate-Project\src\main\resources
2016-09-26 12:20:13,291 [Worker-35] WARN  o.e.m.c.i.embedder.EclipseLogger - Using platform encoding (Cp1252 actually) to copy filtered resources, i.e. build is platform dependent!
2016-09-26 12:20:13,293 [Worker-35] INFO  o.e.m.c.i.embedder.EclipseLogger - skip non existing resourceDirectory E:\Coaching\Hibernate-Mindtree02\Hibernate-Project\src\test\resources
2016-09-26 12:20:20,111 [Worker-38] WARN  o.e.m.c.i.embedder.EclipseLogger - Using platform encoding (Cp1252 actually) to copy filtered resources, i.e. build is platform dependent!
2016-09-26 12:20:20,114 [Worker-38] INFO  o.e.m.c.i.embedder.EclipseLogger - skip non existing resourceDirectory E:\Coaching\Hibernate-Mindtree02\Hibernate-Project\src\main\resources
2016-09-26 12:20:20,119 [Worker-38] WARN  o.e.m.c.i.embedder.EclipseLogger - Using platform encoding (Cp1252 actually) to copy filtered resources, i.e. build is platform dependent!
2016-09-26 12:20:20,122 [Worker-38] INFO  o.e.m.c.i.embedder.EclipseLogger - skip non existing resourceDirectory E:\Coaching\Hibernate-Mindtree02\Hibernate-Project\src\test\resources
2016-09-26 12:21:05,916 [Worker-28] WARN  o.e.m.c.i.embedder.EclipseLogger - Using platform encoding (Cp1252 actually) to copy filtered resources, i.e. build is platform dependent!
2016-09-26 12:21:05,918 [Worker-28] INFO  o.e.m.c.i.embedder.EclipseLogger - skip non existing resourceDirectory E:\Coaching\Hibernate-Mindtree02\Hibernate-Project\src\main\resources
2016-09-26 12:21:05,923 [Worker-28] WARN  o.e.m.c.i.embedder.EclipseLogger - Using platform encoding (Cp1252 actually) to copy filtered resources, i.e. build is platform dependent!
2016-09-26 12:21:05,926 [Worker-28] INFO  o.e.m.c.i.embedder.EclipseLogger - skip non existing resourceDirectory E:\Coaching\Hibernate-Mindtree02\Hibernate-Project\src\test\resources
2016-09-26 12:28:27,691 [Worker-32] WARN  o.e.m.c.i.embedder.EclipseLogger - Using platform encoding (Cp1252 actually) to copy filtered resources, i.e. build is platform dependent!
2016-09-26 12:28:27,694 [Worker-32] INFO  o.e.m.c.i.embedder.EclipseLogger - skip non existing resourceDirectory E:\Coaching\Hibernate-Mindtree02\Hibernate-Project\src\main\resources
2016-09-26 12:28:27,698 [Worker-32] WARN  o.e.m.c.i.embedder.EclipseLogger - Using platform encoding (Cp1252 actually) to copy filtered resources, i.e. build is platform dependent!
2016-09-26 12:28:27,700 [Worker-32] INFO  o.e.m.c.i.embedder.EclipseLogger - skip non existing resourceDirectory E:\Coaching\Hibernate-Mindtree02\Hibernate-Project\src\test\resources
2016-09-26 12:28:51,625 [Worker-40] WARN  o.e.m.c.i.embedder.EclipseLogger - Using platform encoding (Cp1252 actually) to copy filtered resources, i.e. build is platform dependent!
2016-09-26 12:28:51,628 [Worker-40] INFO  o.e.m.c.i.embedder.EclipseLogger - skip non existing resourceDirectory E:\Coaching\Hibernate-Mindtree02\Hibernate-Project\src\main\resources
2016-09-26 12:28:51,632 [Worker-40] WARN  o.e.m.c.i.embedder.EclipseLogger - Using platform encoding (Cp1252 actually) to copy filtered resources, i.e. build is platform dependent!
2016-09-26 12:28:51,638 [Worker-40] INFO  o.e.m.c.i.embedder.EclipseLogger - skip non existing resourceDirectory E:\Coaching\Hibernate-Mindtree02\Hibernate-Project\src\test\resources
2016-09-26 12:29:08,620 [Worker-28] WARN  o.e.m.c.i.embedder.EclipseLogger - Using platform encoding (Cp1252 actually) to copy filtered resources, i.e. build is platform dependent!
2016-09-26 12:29:08,622 [Worker-28] INFO  o.e.m.c.i.embedder.EclipseLogger - skip non existing resourceDirectory E:\Coaching\Hibernate-Mindtree02\Hibernate-Project\src\main\resources
2016-09-26 12:29:08,626 [Worker-28] WARN  o.e.m.c.i.embedder.EclipseLogger - Using platform encoding (Cp1252 actually) to copy filtered resources, i.e. build is platform dependent!
2016-09-26 12:29:08,628 [Worker-28] INFO  o.e.m.c.i.embedder.EclipseLogger - skip non existing resourceDirectory E:\Coaching\Hibernate-Mindtree02\Hibernate-Project\src\test\resources
2016-09-26 12:29:30,610 [Worker-32] WARN  o.e.m.c.i.embedder.EclipseLogger - Using platform encoding (Cp1252 actually) to copy filtered resources, i.e. build is platform dependent!
2016-09-26 12:29:30,613 [Worker-32] INFO  o.e.m.c.i.embedder.EclipseLogger - skip non existing resourceDirectory E:\Coaching\Hibernate-Mindtree02\Hibernate-Project\src\main\resources
2016-09-26 12:29:30,617 [Worker-32] WARN  o.e.m.c.i.embedder.EclipseLogger - Using platform encoding (Cp1252 actually) to copy filtered resources, i.e. build is platform dependent!
2016-09-26 12:29:30,620 [Worker-32] INFO  o.e.m.c.i.embedder.EclipseLogger - skip non existing resourceDirectory E:\Coaching\Hibernate-Mindtree02\Hibernate-Project\src\test\resources
2016-09-26 12:29:53,659 [Worker-28] WARN  o.e.m.c.i.embedder.EclipseLogger - Using platform encoding (Cp1252 actually) to copy filtered resources, i.e. build is platform dependent!
2016-09-26 12:29:53,661 [Worker-28] INFO  o.e.m.c.i.embedder.EclipseLogger - skip non existing resourceDirectory E:\Coaching\Hibernate-Mindtree02\Hibernate-Project\src\main\resources
2016-09-26 12:29:53,663 [Worker-28] WARN  o.e.m.c.i.embedder.EclipseLogger - Using platform encoding (Cp1252 actually) to copy filtered resources, i.e. build is platform dependent!
2016-09-26 12:29:53,665 [Worker-28] INFO  o.e.m.c.i.embedder.EclipseLogger - skip non existing resourceDirectory E:\Coaching\Hibernate-Mindtree02\Hibernate-Project\src\test\resources
2016-09-26 12:30:52,064 [Worker-41] WARN  o.e.m.c.i.embedder.EclipseLogger - Using platform encoding (Cp1252 actually) to copy filtered resources, i.e. build is platform dependent!
2016-09-26 12:30:52,067 [Worker-41] INFO  o.e.m.c.i.embedder.EclipseLogger - skip non existing resourceDirectory E:\Coaching\Hibernate-Mindtree02\Hibernate-Project\src\main\resources
2016-09-26 12:30:52,070 [Worker-41] WARN  o.e.m.c.i.embedder.EclipseLogger - Using platform encoding (Cp1252 actually) to copy filtered resources, i.e. build is platform dependent!
2016-09-26 12:30:52,072 [Worker-41] INFO  o.e.m.c.i.embedder.EclipseLogger - skip non existing resourceDirectory E:\Coaching\Hibernate-Mindtree02\Hibernate-Project\src\test\resources
2016-09-26 12:39:08,585 [Worker-39] WARN  o.e.m.c.i.embedder.EclipseLogger - Using platform encoding (Cp1252 actually) to copy filtered resources, i.e. build is platform dependent!
2016-09-26 12:39:08,588 [Worker-39] INFO  o.e.m.c.i.embedder.EclipseLogger - skip non existing resourceDirectory E:\Coaching\Hibernate-Mindtree02\Hibernate-Project\src\main\resources
2016-09-26 12:39:08,593 [Worker-39] WARN  o.e.m.c.i.embedder.EclipseLogger - Using platform encoding (Cp1252 actually) to copy filtered resources, i.e. build is platform dependent!
2016-09-26 12:39:08,596 [Worker-39] INFO  o.e.m.c.i.embedder.EclipseLogger - skip non existing resourceDirectory E:\Coaching\Hibernate-Mindtree02\Hibernate-Project\src\test\resources
2016-09-26 12:39:58,238 [Worker-44] WARN  o.e.m.c.i.embedder.EclipseLogger - Using platform encoding (Cp1252 actually) to copy filtered resources, i.e. build is platform dependent!
2016-09-26 12:39:58,241 [Worker-44] INFO  o.e.m.c.i.embedder.EclipseLogger - skip non existing resourceDirectory E:\Coaching\Hibernate-Mindtree02\Hibernate-Project\src\main\resources
2016-09-26 12:39:58,247 [Worker-44] WARN  o.e.m.c.i.embedder.EclipseLogger - Using platform encoding (Cp1252 actually) to copy filtered resources, i.e. build is platform dependent!
2016-09-26 12:39:58,249 [Worker-44] INFO  o.e.m.c.i.embedder.EclipseLogger - skip non existing resourceDirectory E:\Coaching\Hibernate-Mindtree02\Hibernate-Project\src\test\resources
2016-09-26 12:43:13,988 [Worker-42] WARN  o.e.m.c.i.embedder.EclipseLogger - Using platform encoding (Cp1252 actually) to copy filtered resources, i.e. build is platform dependent!
2016-09-26 12:43:13,991 [Worker-42] INFO  o.e.m.c.i.embedder.EclipseLogger - skip non existing resourceDirectory E:\Coaching\Hibernate-Mindtree02\Hibernate-Project\src\main\resources
2016-09-26 12:43:13,995 [Worker-42] WARN  o.e.m.c.i.embedder.EclipseLogger - Using platform encoding (Cp1252 actually) to copy filtered resources, i.e. build is platform dependent!
2016-09-26 12:43:13,998 [Worker-42] INFO  o.e.m.c.i.embedder.EclipseLogger - skip non existing resourceDirectory E:\Coaching\Hibernate-Mindtree02\Hibernate-Project\src\test\resources
2016-09-26 12:45:57,511 [Worker-46] WARN  o.e.m.c.i.embedder.EclipseLogger - Using platform encoding (Cp1252 actually) to copy filtered resources, i.e. build is platform dependent!
2016-09-26 12:45:57,514 [Worker-46] INFO  o.e.m.c.i.embedder.EclipseLogger - skip non existing resourceDirectory E:\Coaching\Hibernate-Mindtree02\Hibernate-Project\src\main\resources
2016-09-26 12:45:57,518 [Worker-46] WARN  o.e.m.c.i.embedder.EclipseLogger - Using platform encoding (Cp1252 actually) to copy filtered resources, i.e. build is platform dependent!
2016-09-26 12:45:57,522 [Worker-46] INFO  o.e.m.c.i.embedder.EclipseLogger - skip non existing resourceDirectory E:\Coaching\Hibernate-Mindtree02\Hibernate-Project\src\test\resources
2016-09-26 12:48:14,393 [Worker-47] WARN  o.e.m.c.i.embedder.EclipseLogger - Using platform encoding (Cp1252 actually) to copy filtered resources, i.e. build is platform dependent!
2016-09-26 12:48:14,396 [Worker-47] INFO  o.e.m.c.i.embedder.EclipseLogger - skip non existing resourceDirectory E:\Coaching\Hibernate-Mindtree02\Hibernate-Project\src\main\resources
2016-09-26 12:48:14,403 [Worker-47] WARN  o.e.m.c.i.embedder.EclipseLogger - Using platform encoding (Cp1252 actually) to copy filtered resources, i.e. build is platform dependent!
2016-09-26 12:48:14,408 [Worker-47] INFO  o.e.m.c.i.embedder.EclipseLogger - skip non existing resourceDirectory E:\Coaching\Hibernate-Mindtree02\Hibernate-Project\src\test\resources
2016-09-26 12:48:20,420 [Worker-45] WARN  o.e.m.c.i.embedder.EclipseLogger - Using platform encoding (Cp1252 actually) to copy filtered resources, i.e. build is platform dependent!
2016-09-26 12:48:20,424 [Worker-45] INFO  o.e.m.c.i.embedder.EclipseLogger - skip non existing resourceDirectory E:\Coaching\Hibernate-Mindtree02\Hibernate-Project\src\main\resources
2016-09-26 12:48:20,428 [Worker-45] WARN  o.e.m.c.i.embedder.EclipseLogger - Using platform encoding (Cp1252 actually) to copy filtered resources, i.e. build is platform dependent!
2016-09-26 12:48:20,430 [Worker-45] INFO  o.e.m.c.i.embedder.EclipseLogger - skip non existing resourceDirectory E:\Coaching\Hibernate-Mindtree02\Hibernate-Project\src\test\resources
2016-09-26 12:49:37,449 [Worker-44] WARN  o.e.m.c.i.embedder.EclipseLogger - Using platform encoding (Cp1252 actually) to copy filtered resources, i.e. build is platform dependent!
2016-09-26 12:49:37,451 [Worker-44] INFO  o.e.m.c.i.embedder.EclipseLogger - skip non existing resourceDirectory E:\Coaching\Hibernate-Mindtree02\Hibernate-Project\src\main\resources
2016-09-26 12:49:37,455 [Worker-44] WARN  o.e.m.c.i.embedder.EclipseLogger - Using platform encoding (Cp1252 actually) to copy filtered resources, i.e. build is platform dependent!
2016-09-26 12:49:37,458 [Worker-44] INFO  o.e.m.c.i.embedder.EclipseLogger - skip non existing resourceDirectory E:\Coaching\Hibernate-Mindtree02\Hibernate-Project\src\test\resources
2016-09-26 12:50:13,018 [Worker-44] WARN  o.e.m.c.i.embedder.EclipseLogger - Using platform encoding (Cp1252 actually) to copy filtered resources, i.e. build is platform dependent!
2016-09-26 12:50:13,021 [Worker-44] INFO  o.e.m.c.i.embedder.EclipseLogger - skip non existing resourceDirectory E:\Coaching\Hibernate-Mindtree02\Hibernate-Project\src\main\resources
2016-09-26 12:50:13,027 [Worker-44] WARN  o.e.m.c.i.embedder.EclipseLogger - Using platform encoding (Cp1252 actually) to copy filtered resources, i.e. build is platform dependent!
2016-09-26 12:50:13,032 [Worker-44] INFO  o.e.m.c.i.embedder.EclipseLogger - skip non existing resourceDirectory E:\Coaching\Hibernate-Mindtree02\Hibernate-Project\src\test\resources
